<?xml version="1.0" encoding="UTF-8" ?>
<testsuite failures="0" time="0.133" errors="1" skipped="0" tests="11" name="com.engine.common.socket.codec.JsonCodeTest">
  <properties>
[...]
</properties>
  <testcase time="0.022" classname="com.engine.common.socket.codec.JsonCodeTest" name="test_string_encode"/>
  <testcase time="0.013" classname="com.engine.common.socket.codec.JsonCodeTest" name="test_string_decode">
    <error message="com.engine.common.socket.exception.DecodeException: JSON解码失败:Invalid UTF-8 middle byte 0xd0
 at [Source: [B@d7e2651; line: 1, column: 4]" type="com.engine.common.socket.exception.DecodeException">com.engine.common.socket.exception.DecodeException: com.engine.common.socket.exception.DecodeException: JSON解码失败:Invalid UTF-8 middle byte 0xd0
 at [Source: [B@d7e2651; line: 1, column: 4]
	at com.engine.common.socket.codec.CoderSupport.decode(CoderSupport.java:26)
	at com.engine.common.socket.codec.JsonCodeTest.test_string_decode(JsonCodeTest.java:51)
	at sun.reflect.NativeMethodAccessorImpl.invoke0(Native Method)
	at sun.reflect.NativeMethodAccessorImpl.invoke(NativeMethodAccessorImpl.java:57)
	at sun.reflect.DelegatingMethodAccessorImpl.invoke(DelegatingMethodAccessorImpl.java:43)
	at java.lang.reflect.Method.invoke(Method.java:606)
	at org.junit.runners.model.FrameworkMethod$1.runReflectiveCall(FrameworkMethod.java:44)
	at org.junit.internal.runners.model.ReflectiveCallable.run(ReflectiveCallable.java:15)
	at org.junit.runners.model.FrameworkMethod.invokeExplosively(FrameworkMethod.java:41)
	at org.junit.internal.runners.statements.InvokeMethod.evaluate(InvokeMethod.java:20)
	at org.junit.runners.ParentRunner.runLeaf(ParentRunner.java:263)
	at org.junit.runners.BlockJUnit4ClassRunner.runChild(BlockJUnit4ClassRunner.java:69)
	at org.junit.runners.BlockJUnit4ClassRunner.runChild(BlockJUnit4ClassRunner.java:48)
	at org.junit.runners.ParentRunner$3.run(ParentRunner.java:231)
	at org.junit.runners.ParentRunner$1.schedule(ParentRunner.java:60)
	at org.junit.runners.ParentRunner.runChildren(ParentRunner.java:229)
	at org.junit.runners.ParentRunner.access$000(ParentRunner.java:50)
	at org.junit.runners.ParentRunner$2.evaluate(ParentRunner.java:222)
	at org.junit.runners.ParentRunner.run(ParentRunner.java:292)
	at org.apache.maven.surefire.junit4.JUnit4Provider.execute(JUnit4Provider.java:252)
	at org.apache.maven.surefire.junit4.JUnit4Provider.executeTestSet(JUnit4Provider.java:141)
	at org.apache.maven.surefire.junit4.JUnit4Provider.invoke(JUnit4Provider.java:112)
	at sun.reflect.NativeMethodAccessorImpl.invoke0(Native Method)
	at sun.reflect.NativeMethodAccessorImpl.invoke(NativeMethodAccessorImpl.java:57)
	at sun.reflect.DelegatingMethodAccessorImpl.invoke(DelegatingMethodAccessorImpl.java:43)
	at java.lang.reflect.Method.invoke(Method.java:606)
	at org.apache.maven.surefire.util.ReflectionUtils.invokeMethodWithArray(ReflectionUtils.java:189)
	at org.apache.maven.surefire.booter.ProviderFactory$ProviderProxy.invoke(ProviderFactory.java:165)
	at org.apache.maven.surefire.booter.ProviderFactory.invokeProvider(ProviderFactory.java:85)
	at org.apache.maven.surefire.booter.ForkedBooter.runSuitesInProcess(ForkedBooter.java:115)
	at org.apache.maven.surefire.booter.ForkedBooter.main(ForkedBooter.java:75)
Caused by: com.engine.common.socket.exception.DecodeException: JSON解码失败:Invalid UTF-8 middle byte 0xd0
 at [Source: [B@d7e2651; line: 1, column: 4]
	at com.engine.common.socket.codec.JsonCoder.doDecode(JsonCoder.java:60)
	at com.engine.common.socket.codec.CoderSupport.decode(CoderSupport.java:24)
	... 30 more
Caused by: org.codehaus.jackson.JsonParseException: Invalid UTF-8 middle byte 0xd0
 at [Source: [B@d7e2651; line: 1, column: 4]
	at org.codehaus.jackson.JsonParser._constructError(JsonParser.java:1291)
	at org.codehaus.jackson.impl.JsonParserMinimalBase._reportError(JsonParserMinimalBase.java:385)
	at org.codehaus.jackson.impl.Utf8StreamParser._reportInvalidOther(Utf8StreamParser.java:2242)
	at org.codehaus.jackson.impl.Utf8StreamParser._reportInvalidOther(Utf8StreamParser.java:2249)
	at org.codehaus.jackson.impl.Utf8StreamParser._decodeUtf8_2(Utf8StreamParser.java:2038)
	at org.codehaus.jackson.impl.Utf8StreamParser._finishString2(Utf8StreamParser.java:1441)
	at org.codehaus.jackson.impl.Utf8StreamParser._finishString(Utf8StreamParser.java:1394)
	at org.codehaus.jackson.impl.Utf8StreamParser.getText(Utf8StreamParser.java:113)
	at org.codehaus.jackson.map.deser.StdDeserializer$StringDeserializer.deserialize(StdDeserializer.java:653)
	at org.codehaus.jackson.map.deser.StdDeserializer$StringDeserializer.deserialize(StdDeserializer.java:640)
	at org.codehaus.jackson.map.ObjectMapper._readMapAndClose(ObjectMapper.java:2395)
	at org.codehaus.jackson.map.ObjectMapper.readValue(ObjectMapper.java:1713)
	at com.engine.common.socket.codec.JsonCoder.decodeByType(JsonCoder.java:71)
	at com.engine.common.socket.codec.JsonCoder.doDecode(JsonCoder.java:54)
	... 31 more
</error>
    <system-out>2015-10-20 12:07:05,856 INFO com.engine.common.socket.codec.JsonCoder - JSON解码失败:Invalid UTF-8 middle byte 0xd0
 at [Source: [B@d7e2651; line: 1, column: 4]
</system-out>
  </testcase>
  <testcase time="0.044" classname="com.engine.common.socket.codec.JsonCodeTest" name="test_collection"/>
  <testcase time="0.023" classname="com.engine.common.socket.codec.JsonCodeTest" name="test_node_array"/>
  <testcase time="0" classname="com.engine.common.socket.codec.JsonCodeTest" name="test_array_object"/>
  <testcase time="0.005" classname="com.engine.common.socket.codec.JsonCodeTest" name="test_number"/>
  <testcase time="0.003" classname="com.engine.common.socket.codec.JsonCodeTest" name="test_array"/>
  <testcase time="0" classname="com.engine.common.socket.codec.JsonCodeTest" name="test_object"/>
  <testcase time="0.023" classname="com.engine.common.socket.codec.JsonCodeTest" name="test_map"/>
  <testcase time="0" classname="com.engine.common.socket.codec.JsonCodeTest" name="test_generic"/>
  <testcase time="0" classname="com.engine.common.socket.codec.JsonCodeTest" name="test_node_map"/>
</testsuite>