<?xml version="1.0" encoding="UTF-8" ?>
<testsuite failures="0" time="0.1" errors="1" skipped="0" tests="1" name="com.engine.common.socket.filter.session.SessionEventTest">
  <properties>
[...]
</properties>
  <testcase time="0.1" classname="com.engine.common.socket.filter.session.SessionEventTest" name="test_identified">
    <error message="Failed to load ApplicationContext" type="java.lang.IllegalStateException">java.lang.IllegalStateException: Failed to load ApplicationContext
	at org.springframework.test.context.TestContext.getApplicationContext(TestContext.java:157)
	at org.springframework.test.context.support.DependencyInjectionTestExecutionListener.injectDependencies(DependencyInjectionTestExecutionListener.java:109)
	at org.springframework.test.context.support.DependencyInjectionTestExecutionListener.prepareTestInstance(DependencyInjectionTestExecutionListener.java:75)
	at org.springframework.test.context.TestContextManager.prepareTestInstance(TestContextManager.java:321)
	at org.springframework.test.context.junit4.SpringJUnit4ClassRunner.createTest(SpringJUnit4ClassRunner.java:211)
	at org.springframework.test.context.junit4.SpringJUnit4ClassRunner$1.runReflectiveCall(SpringJUnit4ClassRunner.java:288)
	at org.junit.internal.runners.model.ReflectiveCallable.run(ReflectiveCallable.java:15)
	at org.springframework.test.context.junit4.SpringJUnit4ClassRunner.methodBlock(SpringJUnit4ClassRunner.java:290)
	at org.springframework.test.context.junit4.SpringJUnit4ClassRunner.runChild(SpringJUnit4ClassRunner.java:231)
	at org.junit.runners.BlockJUnit4ClassRunner.runChild(BlockJUnit4ClassRunner.java:48)
	at org.junit.runners.ParentRunner$3.run(ParentRunner.java:231)
	at org.junit.runners.ParentRunner$1.schedule(ParentRunner.java:60)
	at org.junit.runners.ParentRunner.runChildren(ParentRunner.java:229)
	at org.junit.runners.ParentRunner.access$000(ParentRunner.java:50)
	at org.junit.runners.ParentRunner$2.evaluate(ParentRunner.java:222)
	at org.springframework.test.context.junit4.statements.RunBeforeTestClassCallbacks.evaluate(RunBeforeTestClassCallbacks.java:61)
	at org.springframework.test.context.junit4.statements.RunAfterTestClassCallbacks.evaluate(RunAfterTestClassCallbacks.java:71)
	at org.junit.runners.ParentRunner.run(ParentRunner.java:292)
	at org.springframework.test.context.junit4.SpringJUnit4ClassRunner.run(SpringJUnit4ClassRunner.java:174)
	at org.apache.maven.surefire.junit4.JUnit4Provider.execute(JUnit4Provider.java:252)
	at org.apache.maven.surefire.junit4.JUnit4Provider.executeTestSet(JUnit4Provider.java:141)
	at org.apache.maven.surefire.junit4.JUnit4Provider.invoke(JUnit4Provider.java:112)
	at sun.reflect.NativeMethodAccessorImpl.invoke0(Native Method)
	at sun.reflect.NativeMethodAccessorImpl.invoke(NativeMethodAccessorImpl.java:57)
	at sun.reflect.DelegatingMethodAccessorImpl.invoke(DelegatingMethodAccessorImpl.java:43)
	at java.lang.reflect.Method.invoke(Method.java:606)
	at org.apache.maven.surefire.util.ReflectionUtils.invokeMethodWithArray(ReflectionUtils.java:189)
	at org.apache.maven.surefire.booter.ProviderFactory$ProviderProxy.invoke(ProviderFactory.java:165)
	at org.apache.maven.surefire.booter.ProviderFactory.invokeProvider(ProviderFactory.java:85)
	at org.apache.maven.surefire.booter.ForkedBooter.runSuitesInProcess(ForkedBooter.java:115)
	at org.apache.maven.surefire.booter.ForkedBooter.main(ForkedBooter.java:75)
Caused by: org.springframework.beans.factory.BeanCreationException: Error creating bean with name &apos;identityFacade&apos; defined in file [E:\projects\workspaceofsango2\common\common-socket\target\test-classes\com\engine\common\socket\filter\session\IdentityFacade.class]: Initialization of bean failed; nested exception is org.springframework.beans.FatalBeanException: 注册指令[M:[1] C:2]到对应方法[public abstract java.lang.String com.engine.common.socket.filter.session.IdentityFacadeInf.getUserId(java.lang.Integer)]时失败; nested exception is java.lang.IllegalStateException: 指令[M:[1] C:2]重复注册:指令:M:[1] C:2 消息体:请求[类型:class [B 压缩:false 原生:true 同步:false] 回应[类型:void 压缩:false 原生:false] 处理器:存在
	at org.springframework.beans.factory.support.AbstractAutowireCapableBeanFactory.doCreateBean(AbstractAutowireCapableBeanFactory.java:527)
	at org.springframework.beans.factory.support.AbstractAutowireCapableBeanFactory.createBean(AbstractAutowireCapableBeanFactory.java:456)
	at org.springframework.beans.factory.support.AbstractBeanFactory$1.getObject(AbstractBeanFactory.java:294)
	at org.springframework.beans.factory.support.DefaultSingletonBeanRegistry.getSingleton(DefaultSingletonBeanRegistry.java:225)
	at org.springframework.beans.factory.support.AbstractBeanFactory.doGetBean(AbstractBeanFactory.java:291)
	at org.springframework.beans.factory.support.AbstractBeanFactory.getBean(AbstractBeanFactory.java:193)
	at org.springframework.beans.factory.support.DefaultListableBeanFactory.preInstantiateSingletons(DefaultListableBeanFactory.java:609)
	at org.springframework.context.support.AbstractApplicationContext.finishBeanFactoryInitialization(AbstractApplicationContext.java:918)
	at org.springframework.context.support.AbstractApplicationContext.refresh(AbstractApplicationContext.java:469)
	at org.springframework.test.context.support.AbstractGenericContextLoader.loadContext(AbstractGenericContextLoader.java:103)
	at org.springframework.test.context.support.AbstractGenericContextLoader.loadContext(AbstractGenericContextLoader.java:1)
	at org.springframework.test.context.support.DelegatingSmartContextLoader.loadContext(DelegatingSmartContextLoader.java:228)
	at org.springframework.test.context.TestContext.loadApplicationContext(TestContext.java:124)
	at org.springframework.test.context.TestContext.getApplicationContext(TestContext.java:148)
	... 30 more
Caused by: org.springframework.beans.FatalBeanException: 注册指令[M:[1] C:2]到对应方法[public abstract java.lang.String com.engine.common.socket.filter.session.IdentityFacadeInf.getUserId(java.lang.Integer)]时失败; nested exception is java.lang.IllegalStateException: 指令[M:[1] C:2]重复注册:指令:M:[1] C:2 消息体:请求[类型:class [B 压缩:false 原生:true 同步:false] 回应[类型:void 压缩:false 原生:false] 处理器:存在
	at com.engine.common.socket.schema.CommandRegisterFactory.postProcessAfterInitialization(CommandRegisterFactory.java:191)
	at org.springframework.beans.factory.support.AbstractAutowireCapableBeanFactory.applyBeanPostProcessorsAfterInitialization(AbstractAutowireCapableBeanFactory.java:407)
	at org.springframework.beans.factory.support.AbstractAutowireCapableBeanFactory.initializeBean(AbstractAutowireCapableBeanFactory.java:1461)
	at org.springframework.beans.factory.support.AbstractAutowireCapableBeanFactory.doCreateBean(AbstractAutowireCapableBeanFactory.java:519)
	... 43 more
Caused by: java.lang.IllegalStateException: 指令[M:[1] C:2]重复注册:指令:M:[1] C:2 消息体:请求[类型:class [B 压缩:false 原生:true 同步:false] 回应[类型:void 压缩:false 原生:false] 处理器:存在
	at com.engine.common.socket.handler.CommandRegister.register(CommandRegister.java:58)
	at com.engine.common.socket.schema.CommandRegisterFactory.register(CommandRegisterFactory.java:202)
	at com.engine.common.socket.schema.CommandRegisterFactory.postProcessAfterInitialization(CommandRegisterFactory.java:187)
	... 46 more
</error>
    <system-out>2015-10-20 12:07:06,957 DEBUG com.engine.common.socket.handler.CommandRegister - 完成指令注册:指令:M:[1] C:2 消息体:请求[类型:class [B 压缩:false 原生:true 同步:false] 回应[类型:void 压缩:false 原生:false] 处理器:存在
2015-10-20 12:07:06,958 DEBUG com.engine.common.socket.handler.CommandRegister - 完成指令注册:指令:M:[1] C:1 消息体:请求[类型:int 压缩:false 原生:false 同步:false] 回应[类型:int 压缩:false 原生:false] 处理器:存在
2015-10-20 12:07:06,959 DEBUG com.engine.common.socket.handler.CommandRegister - 完成指令注册:指令:M:[2] C:2 消息体:请求[类型:null 压缩:false 原生:false 同步:false] 回应[类型:class java.lang.String 压缩:false 原生:false] 处理器:存在
2015-10-20 12:07:06,959 DEBUG com.engine.common.socket.handler.CommandRegister - 完成指令注册:指令:M:[2] C:1 消息体:请求[类型:null 压缩:false 原生:false 同步:false] 回应[类型:boolean 压缩:false 原生:false] 处理器:存在
2015-10-20 12:07:06,960 ERROR com.engine.common.socket.handler.CommandRegister - 指令[M:[1] C:2]重复注册:指令:M:[1] C:2 消息体:请求[类型:class [B 压缩:false 原生:true 同步:false] 回应[类型:void 压缩:false 原生:false] 处理器:存在
2015-10-20 12:07:06,960 ERROR com.engine.common.socket.schema.CommandRegisterFactory - 注册指令[M:[1] C:2]到对应方法[public abstract java.lang.String com.engine.common.socket.filter.session.IdentityFacadeInf.getUserId(java.lang.Integer)]时失败
2015-10-20 12:07:06,960 ERROR org.springframework.test.context.TestContextManager - Caught exception while allowing TestExecutionListener [org.springframework.test.context.support.DependencyInjectionTestExecutionListener@19ecbafa] to prepare test instance [com.engine.common.socket.filter.session.SessionEventTest@4e78062]
java.lang.IllegalStateException: Failed to load ApplicationContext
	at org.springframework.test.context.TestContext.getApplicationContext(TestContext.java:157)
	at org.springframework.test.context.support.DependencyInjectionTestExecutionListener.injectDependencies(DependencyInjectionTestExecutionListener.java:109)
	at org.springframework.test.context.support.DependencyInjectionTestExecutionListener.prepareTestInstance(DependencyInjectionTestExecutionListener.java:75)
	at org.springframework.test.context.TestContextManager.prepareTestInstance(TestContextManager.java:321)
	at org.springframework.test.context.junit4.SpringJUnit4ClassRunner.createTest(SpringJUnit4ClassRunner.java:211)
	at org.springframework.test.context.junit4.SpringJUnit4ClassRunner$1.runReflectiveCall(SpringJUnit4ClassRunner.java:288)
	at org.junit.internal.runners.model.ReflectiveCallable.run(ReflectiveCallable.java:15)
	at org.springframework.test.context.junit4.SpringJUnit4ClassRunner.methodBlock(SpringJUnit4ClassRunner.java:290)
	at org.springframework.test.context.junit4.SpringJUnit4ClassRunner.runChild(SpringJUnit4ClassRunner.java:231)
	at org.junit.runners.BlockJUnit4ClassRunner.runChild(BlockJUnit4ClassRunner.java:48)
	at org.junit.runners.ParentRunner$3.run(ParentRunner.java:231)
	at org.junit.runners.ParentRunner$1.schedule(ParentRunner.java:60)
	at org.junit.runners.ParentRunner.runChildren(ParentRunner.java:229)
	at org.junit.runners.ParentRunner.access$000(ParentRunner.java:50)
	at org.junit.runners.ParentRunner$2.evaluate(ParentRunner.java:222)
	at org.springframework.test.context.junit4.statements.RunBeforeTestClassCallbacks.evaluate(RunBeforeTestClassCallbacks.java:61)
	at org.springframework.test.context.junit4.statements.RunAfterTestClassCallbacks.evaluate(RunAfterTestClassCallbacks.java:71)
	at org.junit.runners.ParentRunner.run(ParentRunner.java:292)
	at org.springframework.test.context.junit4.SpringJUnit4ClassRunner.run(SpringJUnit4ClassRunner.java:174)
	at org.apache.maven.surefire.junit4.JUnit4Provider.execute(JUnit4Provider.java:252)
	at org.apache.maven.surefire.junit4.JUnit4Provider.executeTestSet(JUnit4Provider.java:141)
	at org.apache.maven.surefire.junit4.JUnit4Provider.invoke(JUnit4Provider.java:112)
	at sun.reflect.NativeMethodAccessorImpl.invoke0(Native Method)
	at sun.reflect.NativeMethodAccessorImpl.invoke(NativeMethodAccessorImpl.java:57)
	at sun.reflect.DelegatingMethodAccessorImpl.invoke(DelegatingMethodAccessorImpl.java:43)
	at java.lang.reflect.Method.invoke(Method.java:606)
	at org.apache.maven.surefire.util.ReflectionUtils.invokeMethodWithArray(ReflectionUtils.java:189)
	at org.apache.maven.surefire.booter.ProviderFactory$ProviderProxy.invoke(ProviderFactory.java:165)
	at org.apache.maven.surefire.booter.ProviderFactory.invokeProvider(ProviderFactory.java:85)
	at org.apache.maven.surefire.booter.ForkedBooter.runSuitesInProcess(ForkedBooter.java:115)
	at org.apache.maven.surefire.booter.ForkedBooter.main(ForkedBooter.java:75)
Caused by: org.springframework.beans.factory.BeanCreationException: Error creating bean with name &apos;identityFacade&apos; defined in file [E:\projects\workspaceofsango2\common\common-socket\target\test-classes\com\engine\common\socket\filter\session\IdentityFacade.class]: Initialization of bean failed; nested exception is org.springframework.beans.FatalBeanException: 注册指令[M:[1] C:2]到对应方法[public abstract java.lang.String com.engine.common.socket.filter.session.IdentityFacadeInf.getUserId(java.lang.Integer)]时失败; nested exception is java.lang.IllegalStateException: 指令[M:[1] C:2]重复注册:指令:M:[1] C:2 消息体:请求[类型:class [B 压缩:false 原生:true 同步:false] 回应[类型:void 压缩:false 原生:false] 处理器:存在
	at org.springframework.beans.factory.support.AbstractAutowireCapableBeanFactory.doCreateBean(AbstractAutowireCapableBeanFactory.java:527)
	at org.springframework.beans.factory.support.AbstractAutowireCapableBeanFactory.createBean(AbstractAutowireCapableBeanFactory.java:456)
	at org.springframework.beans.factory.support.AbstractBeanFactory$1.getObject(AbstractBeanFactory.java:294)
	at org.springframework.beans.factory.support.DefaultSingletonBeanRegistry.getSingleton(DefaultSingletonBeanRegistry.java:225)
	at org.springframework.beans.factory.support.AbstractBeanFactory.doGetBean(AbstractBeanFactory.java:291)
	at org.springframework.beans.factory.support.AbstractBeanFactory.getBean(AbstractBeanFactory.java:193)
	at org.springframework.beans.factory.support.DefaultListableBeanFactory.preInstantiateSingletons(DefaultListableBeanFactory.java:609)
	at org.springframework.context.support.AbstractApplicationContext.finishBeanFactoryInitialization(AbstractApplicationContext.java:918)
	at org.springframework.context.support.AbstractApplicationContext.refresh(AbstractApplicationContext.java:469)
	at org.springframework.test.context.support.AbstractGenericContextLoader.loadContext(AbstractGenericContextLoader.java:103)
	at org.springframework.test.context.support.AbstractGenericContextLoader.loadContext(AbstractGenericContextLoader.java:1)
	at org.springframework.test.context.support.DelegatingSmartContextLoader.loadContext(DelegatingSmartContextLoader.java:228)
	at org.springframework.test.context.TestContext.loadApplicationContext(TestContext.java:124)
	at org.springframework.test.context.TestContext.getApplicationContext(TestContext.java:148)
	... 30 more
Caused by: org.springframework.beans.FatalBeanException: 注册指令[M:[1] C:2]到对应方法[public abstract java.lang.String com.engine.common.socket.filter.session.IdentityFacadeInf.getUserId(java.lang.Integer)]时失败; nested exception is java.lang.IllegalStateException: 指令[M:[1] C:2]重复注册:指令:M:[1] C:2 消息体:请求[类型:class [B 压缩:false 原生:true 同步:false] 回应[类型:void 压缩:false 原生:false] 处理器:存在
	at com.engine.common.socket.schema.CommandRegisterFactory.postProcessAfterInitialization(CommandRegisterFactory.java:191)
	at org.springframework.beans.factory.support.AbstractAutowireCapableBeanFactory.applyBeanPostProcessorsAfterInitialization(AbstractAutowireCapableBeanFactory.java:407)
	at org.springframework.beans.factory.support.AbstractAutowireCapableBeanFactory.initializeBean(AbstractAutowireCapableBeanFactory.java:1461)
	at org.springframework.beans.factory.support.AbstractAutowireCapableBeanFactory.doCreateBean(AbstractAutowireCapableBeanFactory.java:519)
	... 43 more
Caused by: java.lang.IllegalStateException: 指令[M:[1] C:2]重复注册:指令:M:[1] C:2 消息体:请求[类型:class [B 压缩:false 原生:true 同步:false] 回应[类型:void 压缩:false 原生:false] 处理器:存在
	at com.engine.common.socket.handler.CommandRegister.register(CommandRegister.java:58)
	at com.engine.common.socket.schema.CommandRegisterFactory.register(CommandRegisterFactory.java:202)
	at com.engine.common.socket.schema.CommandRegisterFactory.postProcessAfterInitialization(CommandRegisterFactory.java:187)
	... 46 more
</system-out>
  </testcase>
</testsuite>